<?xml version="1.0" encoding="UTF-8"?>
<!-- Generated by org.testng.reporters.JUnitReportReporter -->
<testsuite skipped="0" hostname="LAPTOP-NPD2PKST" name="Day5.Nextng" tests="1" failures="0" timestamp="04 Mar 2022 12:31:17 GMT" time="2.802" errors="0">
  <testcase name="f" time="2.802" classname="Day5.Nextng"/>
</testsuite> <!-- Day5.Nextng -->
