<?xml version="1.0" encoding="UTF-8"?>
<!-- Generated by org.testng.reporters.JUnitReportReporter -->
<testsuite skipped="0" hostname="LAPTOP-NPD2PKST" name="Day6Registriontest.ExtentReport" tests="1" failures="0" timestamp="03 Mar 2022 15:18:41 GMT" time="4.966" errors="0">
  <testcase name="f" time="4.966" classname="Day6Registriontest.ExtentReport"/>
</testsuite> <!-- Day6Registriontest.ExtentReport -->
