<?xml version="1.0" encoding="UTF-8"?>
<!-- Generated by org.testng.reporters.JUnitReportReporter -->
<testsuite skipped="0" hostname="LAPTOP-NPD2PKST" name="Day5.NewTest4" tests="1" failures="0" timestamp="02 Mar 2022 09:41:36 GMT" time="0.015" errors="0">
  <testcase name="f" time="0.015" classname="Day5.NewTest4"/>
</testsuite> <!-- Day5.NewTest4 -->
