<?xml version="1.0" encoding="UTF-8"?>
<!-- Generated by org.testng.reporters.JUnitReportReporter -->
<testsuite skipped="0" hostname="LAPTOP-NPD2PKST" name="Day5.DataProvider1" tests="4" failures="0" timestamp="02 Mar 2022 11:26:05 GMT" time="72.501" errors="0">
  <testcase name="loginTest" time="31.972" classname="Day5.DataProvider1"/>
  <testcase name="loginTest" time="13.078" classname="Day5.DataProvider1"/>
  <testcase name="loginTest" time="11.637" classname="Day5.DataProvider1"/>
  <testcase name="loginTest" time="15.814" classname="Day5.DataProvider1"/>
</testsuite> <!-- Day5.DataProvider1 -->
