<?xml version="1.0" encoding="UTF-8"?>
<!-- Generated by org.testng.reporters.JUnitReportReporter -->
<testsuite skipped="0" hostname="LAPTOP-NPD2PKST" name="Day5.NewTestTest" tests="1" failures="0" timestamp="02 Mar 2022 08:39:45 GMT" time="0.020" errors="0">
  <testcase name="f" time="0.020" classname="Day5.NewTestTest"/>
</testsuite> <!-- Day5.NewTestTest -->
