<?xml version="1.0" encoding="UTF-8"?>
<!-- Generated by org.testng.reporters.JUnitReportReporter -->
<testsuite skipped="0" hostname="LAPTOP-NPD2PKST" name="Day7.NewTest" tests="2" failures="0" timestamp="04 Mar 2022 12:32:27 GMT" time="15.012" errors="0">
  <testcase name="f" time="7.506" classname="Day7.NewTest"/>
  <testcase name="f" time="7.506" classname="Day7.NewTest"/>
</testsuite> <!-- Day7.NewTest -->
