<?xml version="1.0" encoding="UTF-8"?>
<!-- Generated by org.testng.reporters.JUnitReportReporter -->
<testsuite skipped="0" hostname="LAPTOP-NPD2PKST" name="Day5.NewTest" tests="1" failures="0" timestamp="02 Mar 2022 09:05:57 GMT" time="0.007" errors="0">
  <testcase name="f" time="0.007" classname="Day5.NewTest"/>
</testsuite> <!-- Day5.NewTest -->
